{"C:\\Users\\Andy\\Documents\\Projects\\meowl\\meowl\\src\\notifications\\src\\index.ts": {"path":"C:\\Users\\Andy\\Documents\\Projects\\meowl\\meowl\\src\\notifications\\src\\index.ts","statementMap":{"0":{"start":{"line":1,"column":17},"end":{"line":1,"column":38}},"1":{"start":{"line":2,"column":14},"end":{"line":2,"column":40}},"2":{"start":{"line":4,"column":0},"end":{"line":4,"column":48}},"3":{"start":{"line":6,"column":18},"end":{"line":12,"column":2}},"4":{"start":{"line":14,"column":14},"end":{"line":21,"column":2}},"5":{"start":{"line":24,"column":4},"end":{"line":31,"column":26}},"6":{"start":{"line":34,"column":13},"end":{"line":41,"column":null}},"7":{"start":{"line":43,"column":0},"end":{"line":43,"column":null}},"8":{"start":{"line":45,"column":0},"end":{"line":45,"column":30}}},"fnMap":{"0":{"name":"sendEmail","decl":{"start":{"line":23,"column":9},"end":{"line":23,"column":18}},"loc":{"start":{"line":23,"column":27},"end":{"line":32,"column":1}}}},"branchMap":{},"s":{"0":1,"1":1,"2":1,"3":1,"4":1,"5":2,"6":1,"7":1,"8":1},"f":{"0":2},"b":{}}
}
